2025-10-22 13:51:39,951 [INFO] Activator:176 - 


2025-10-22 13:51:39,956 [INFO] Activator:177 - !SESSION log4j initialized
2025-10-22 13:51:46,059 [INFO] LogOutputStream:77 - [STDOUT_REDIRECT] 
2025-10-22 13:51:51,698 [INFO] ApplicationProperties:184 - Using Application install path: C:\Users\wluzp\STM32CubeIDE_1.19.0\STM32CubeIDE\plugins\com.st.stm32cube.common.mx_6.15.0.202507011659
2025-10-22 13:51:51,718 [INFO] DbMcusXml:78 - Set database path to: C:\Users\wluzp\STM32CubeIDE_1.19.0\STM32CubeIDE\plugins\com.st.stm32cube.common.mx_6.15.0.202507011659\\db\/mcu/
2025-10-22 13:51:51,718 [INFO] ApiDb:274 - Set plugin database path to: C:\Users\wluzp\STM32CubeIDE_1.19.0\STM32CubeIDE\plugins\com.st.stm32cube.common.mx_6.15.0.202507011659\\db\/plugins/boardmanager/
2025-10-22 13:51:51,728 [WARN] ApiDb:259 - Overriding images path with different value:  => C:\Users\wluzp\STM32CubeIDE_1.19.0\STM32CubeIDE\plugins\com.st.stm32cube.common.mx_6.15.0.202507011659\\db\/plugins/mcufinder/images/
2025-10-22 13:51:51,738 [INFO] ApiDb:250 - Set database path to: C:\Users\wluzp\.stmcufinder\plugins\mcufinder//mcu/
2025-10-22 13:51:51,739 [INFO] DbMcusAds:125 - Set database path to: C:\Users\wluzp\.stmcufinder\plugins\mcufinder//mcu/
2025-10-22 13:51:51,741 [INFO] CrossReferenceDbSqlite:203 - Set database path to: C:\Users\wluzp\.stmcufinder\plugins\mcufinder//mcu/cs/
2025-10-22 13:51:51,845 [INFO] RulesReader:64 - Compatibility file has been processed (317 Rules)
2025-10-22 13:51:51,924 [INFO] DbMcusXml:78 - Set database path to: C:\Users\wluzp\STM32CubeIDE_1.19.0\STM32CubeIDE\plugins\com.st.stm32cube.common.mx_6.15.0.202507011659\\db\/mcu/
2025-10-22 13:51:51,924 [INFO] ApiDb:274 - Set plugin database path to: C:\Users\wluzp\STM32CubeIDE_1.19.0\STM32CubeIDE\plugins\com.st.stm32cube.common.mx_6.15.0.202507011659\\db\/plugins/boardmanager/
2025-10-22 13:51:51,924 [INFO] ApiDb:261 - Set plugin images path to: C:\Users\wluzp\STM32CubeIDE_1.19.0\STM32CubeIDE\plugins\com.st.stm32cube.common.mx_6.15.0.202507011659\\db\/plugins/mcufinder/images/
2025-10-22 13:51:51,924 [WARN] DbFile:41 - Overriding database path with different value: C:\Users\wluzp\.stmcufinder\plugins\mcufinder/ => C:\Users\wluzp\.stmcufinder\plugins\mcufinder
2025-10-22 13:51:51,924 [INFO] ApiDb:250 - Set database path to: C:\Users\wluzp\.stmcufinder\plugins\mcufinder//mcu/
2025-10-22 13:51:51,925 [WARN] DbFile:41 - Overriding database path with different value: C:\Users\wluzp\.stmcufinder\plugins\mcufinder/ => C:\Users\wluzp\.stmcufinder\plugins\mcufinder
2025-10-22 13:51:51,925 [INFO] DbMcusAds:125 - Set database path to: C:\Users\wluzp\.stmcufinder\plugins\mcufinder//mcu/
2025-10-22 13:51:51,925 [WARN] DbFile:41 - Overriding database path with different value: C:\Users\wluzp\.stmcufinder\plugins\mcufinder/ => C:\Users\wluzp\.stmcufinder\plugins\mcufinder
2025-10-22 13:51:51,925 [WARN] DbFile:41 - Overriding database path with different value: C:\Users\wluzp\.stmcufinder\plugins\mcufinder/ => C:\Users\wluzp\.stmcufinder\plugins\mcufinder
2025-10-22 13:51:51,925 [INFO] CrossReferenceDbSqlite:203 - Set database path to: C:\Users\wluzp\.stmcufinder\plugins\mcufinder//mcu/cs/
2025-10-22 13:51:52,000 [INFO] MainPanel:274 - HeapMemory: 268435456
2025-10-22 13:51:52,111 [INFO] DbMcusXml:78 - Set database path to: C:\Users\wluzp\STM32CubeIDE_1.19.0\STM32CubeIDE\plugins\com.st.stm32cube.common.mx_6.15.0.202507011659\\db\/mcu/
2025-10-22 13:51:52,112 [INFO] ApiDb:274 - Set plugin database path to: C:\Users\wluzp\STM32CubeIDE_1.19.0\STM32CubeIDE\plugins\com.st.stm32cube.common.mx_6.15.0.202507011659\\db\/plugins/boardmanager/
2025-10-22 13:51:52,112 [INFO] ApiDb:261 - Set plugin images path to: C:\Users\wluzp\STM32CubeIDE_1.19.0\STM32CubeIDE\plugins\com.st.stm32cube.common.mx_6.15.0.202507011659\\db\/plugins/mcufinder/images/
2025-10-22 13:51:52,112 [WARN] DbFile:41 - Overriding database path with different value: C:\Users\wluzp\.stmcufinder\plugins\mcufinder/ => C:\Users\wluzp\.stmcufinder\plugins\mcufinder
2025-10-22 13:51:52,112 [INFO] ApiDb:250 - Set database path to: C:\Users\wluzp\.stmcufinder\plugins\mcufinder//mcu/
2025-10-22 13:51:52,112 [WARN] DbFile:41 - Overriding database path with different value: C:\Users\wluzp\.stmcufinder\plugins\mcufinder/ => C:\Users\wluzp\.stmcufinder\plugins\mcufinder
2025-10-22 13:51:52,112 [INFO] DbMcusAds:125 - Set database path to: C:\Users\wluzp\.stmcufinder\plugins\mcufinder//mcu/
2025-10-22 13:51:52,112 [WARN] DbFile:41 - Overriding database path with different value: C:\Users\wluzp\.stmcufinder\plugins\mcufinder/ => C:\Users\wluzp\.stmcufinder\plugins\mcufinder
2025-10-22 13:51:52,112 [WARN] DbFile:41 - Overriding database path with different value: C:\Users\wluzp\.stmcufinder\plugins\mcufinder/ => C:\Users\wluzp\.stmcufinder\plugins\mcufinder
2025-10-22 13:51:52,113 [INFO] CrossReferenceDbSqlite:203 - Set database path to: C:\Users\wluzp\.stmcufinder\plugins\mcufinder//mcu/cs/
2025-10-22 13:51:52,131 [INFO] ApplicationProperties:184 - Using Application install path: C:\Users\wluzp\STM32CubeIDE_1.19.0\STM32CubeIDE\plugins\com.st.stm32cube.common.mx_6.15.0.202507011659
2025-10-22 13:51:52,132 [INFO] PluginManage:196 - Search for loadable plugins [exclusion list=, ]
2025-10-22 13:51:52,134 [INFO] PluginManage:310 - Check plugin analytics
2025-10-22 13:51:56,847 [INFO] AnalyticsPlugin:253 - Accepted Software Licenses: 
2025-10-22 13:51:56,847 [INFO] AnalyticsPlugin:255 - Accepted CMSIS Pack Licenses: 
2025-10-22 13:51:56,847 [INFO] AnalyticsPlugin:257 - Accepted Firmware Licenses: 
2025-10-22 13:51:56,849 [INFO] PluginManage:359 - Loaded plugin analytics (category:tool,tabindex:-1)
2025-10-22 13:51:56,849 [INFO] PluginManage:310 - Check plugin cadmodel
2025-10-22 13:51:56,856 [INFO] CADModel:105 - Init CAD model plugin
2025-10-22 13:51:56,856 [INFO] PluginManage:359 - Loaded plugin cadmodel (category:power,tabindex:5)
2025-10-22 13:51:56,857 [INFO] PluginManage:310 - Check plugin clock
2025-10-22 13:51:56,866 [INFO] PluginManage:359 - Loaded plugin clock (category:base,tabindex:2)
2025-10-22 13:51:56,866 [INFO] PluginManage:310 - Check plugin ddr
2025-10-22 13:51:56,869 [INFO] PluginManage:359 - Loaded plugin ddr (category:tool,tabindex:6)
2025-10-22 13:51:56,869 [INFO] PluginManage:310 - Check plugin filemanager
2025-10-22 13:51:57,008 [INFO] PluginManage:359 - Loaded plugin filemanager (category:base,tabindex:10)
2025-10-22 13:51:57,008 [INFO] PluginManage:310 - Check plugin ipmanager
2025-10-22 13:51:57,015 [INFO] PluginManage:359 - Loaded plugin ipmanager (category:base,tabindex:5)
2025-10-22 13:51:57,015 [INFO] PluginManage:310 - Check plugin lpbam
2025-10-22 13:51:57,023 [INFO] PluginManage:359 - Loaded plugin lpbam (category:base,tabindex:0)
2025-10-22 13:51:57,023 [INFO] PluginManage:310 - Check plugin memorymap
2025-10-22 13:51:57,040 [INFO] PluginManage:359 - Loaded plugin memorymap (category:base,tabindex:4)
2025-10-22 13:51:57,040 [INFO] PluginManage:310 - Check plugin pinoutandconfiguration
2025-10-22 13:51:57,050 [INFO] PluginManage:359 - Loaded plugin pinoutandconfiguration (category:base,tabindex:1)
2025-10-22 13:51:57,050 [INFO] PluginManage:310 - Check plugin pinoutconfig
2025-10-22 13:51:57,128 [WARN] SupportedApi:132 - Cannot load RTOS API schema: s4s-elt-must-match.1: The content of 'definitions' must match (annotation?, (simpleType | complexType)?, (unique | key | keyref)*)). A problem was found starting at: attribute.
2025-10-22 13:51:57,251 [INFO] PluginManage:359 - Loaded plugin pinoutconfig (category:base,tabindex:0)
2025-10-22 13:51:57,251 [INFO] PluginManage:310 - Check plugin power
2025-10-22 13:51:57,263 [INFO] PluginManage:359 - Loaded plugin power (category:power,tabindex:4)
2025-10-22 13:51:57,264 [INFO] PluginManage:310 - Check plugin projectmanager
2025-10-22 13:51:57,278 [INFO] PluginManage:359 - Loaded plugin projectmanager (category:projectmanager,tabindex:4)
2025-10-22 13:51:57,278 [INFO] PluginManage:310 - Check plugin rif
2025-10-22 13:51:57,289 [INFO] PluginManage:359 - Loaded plugin rif (category:base,tabindex:3)
2025-10-22 13:51:57,289 [INFO] PluginManage:310 - Check plugin thirdparty
2025-10-22 13:51:57,411 [INFO] PluginManage:359 - Loaded plugin thirdparty (category:base,tabindex:-1)
2025-10-22 13:51:57,411 [INFO] PluginManage:310 - Check plugin tools
2025-10-22 13:51:57,411 [WARN] IntegrityCheckThread:84 - waiting for thirdparty lock release [integrity check]
2025-10-22 13:51:57,411 [INFO] IntegrityCheckThread:86 - entering critical section [integrity check]
2025-10-22 13:51:57,412 [INFO] ThirdPartyUpdaterWithRetryManager:70 - Updater plugin not ready yet. [1/15]
2025-10-22 13:51:57,414 [INFO] PluginManage:359 - Loaded plugin tools (category:base,tabindex:7)
2025-10-22 13:51:57,414 [INFO] PluginManage:310 - Check plugin tutovideos
2025-10-22 13:51:57,598 [INFO] PluginManage:359 - Loaded plugin tutovideos (category:base,tabindex:-1)
2025-10-22 13:51:57,599 [INFO] PluginManage:310 - Check plugin updater
2025-10-22 13:51:57,619 [INFO] PluginManage:359 - Loaded plugin updater (category:base,tabindex:12)
2025-10-22 13:51:57,619 [INFO] PluginManage:310 - Check plugin userauth
2025-10-22 13:51:57,624 [INFO] UserAuth:118 - Init User Auth plugin
2025-10-22 13:51:57,625 [INFO] PluginManage:359 - Loaded plugin userauth (category:base,tabindex:14)
2025-10-22 13:51:57,625 [INFO] PluginManage:283 - PluginManage : Loaded plugins [18]
2025-10-22 13:51:57,826 [INFO] PinOutPanel:1589 - setPackage(No Configuration,No Configuration)
2025-10-22 13:51:57,913 [INFO] CADModel:165 - CPN selected for project level
2025-10-22 13:51:57,913 [INFO] CADModel:114 - Register for checkConnection events
2025-10-22 13:51:57,933 [INFO] IPUIPlugin:80 - create IPUIPlugin
2025-10-22 13:51:57,934 [INFO] PluginManager:220 - loadIPPluginJar : add adc
2025-10-22 13:51:57,937 [INFO] IPUIPlugin:80 - create IPUIPlugin
2025-10-22 13:51:57,937 [INFO] PluginManager:220 - loadIPPluginJar : add aes
2025-10-22 13:51:57,940 [INFO] IPUIPlugin:80 - create IPUIPlugin
2025-10-22 13:51:57,940 [INFO] PluginManager:220 - loadIPPluginJar : add can
2025-10-22 13:51:57,942 [INFO] IPUIPlugin:80 - create IPUIPlugin
2025-10-22 13:51:57,942 [INFO] PluginManager:220 - loadIPPluginJar : add comp
2025-10-22 13:51:57,945 [INFO] IPUIPlugin:80 - create IPUIPlugin
2025-10-22 13:51:57,946 [INFO] PluginManager:220 - loadIPPluginJar : add cryp
2025-10-22 13:51:57,950 [INFO] IPUIPlugin:80 - create IPUIPlugin
2025-10-22 13:51:57,950 [INFO] PluginManager:220 - loadIPPluginJar : add ddr_ctrl_phy
2025-10-22 13:51:57,953 [INFO] IPUIPlugin:80 - create IPUIPlugin
2025-10-22 13:51:57,953 [INFO] PluginManager:220 - loadIPPluginJar : add dfsdm
2025-10-22 13:51:57,959 [INFO] IPUIPlugin:80 - create IPUIPlugin
2025-10-22 13:51:57,959 [INFO] PluginManager:220 - loadIPPluginJar : add dma
2025-10-22 13:51:57,963 [INFO] IPUIPlugin:80 - create IPUIPlugin
2025-10-22 13:51:57,963 [INFO] PluginManager:220 - loadIPPluginJar : add dma3
2025-10-22 13:51:57,968 [INFO] IPUIPlugin:80 - create IPUIPlugin
2025-10-22 13:51:57,968 [INFO] PluginManager:220 - loadIPPluginJar : add extmemmanager
2025-10-22 13:51:57,970 [INFO] IPUIPlugin:80 - create IPUIPlugin
2025-10-22 13:51:57,970 [INFO] PluginManager:220 - loadIPPluginJar : add fatfs
2025-10-22 13:51:57,975 [INFO] IPUIPlugin:80 - create IPUIPlugin
2025-10-22 13:51:57,975 [INFO] PluginManager:220 - loadIPPluginJar : add fmc
2025-10-22 13:51:57,981 [INFO] IPUIPlugin:80 - create IPUIPlugin
2025-10-22 13:51:57,982 [INFO] PluginManager:220 - loadIPPluginJar : add freertos
2025-10-22 13:51:57,983 [INFO] IPUIPlugin:80 - create IPUIPlugin
2025-10-22 13:51:57,983 [INFO] PluginManager:220 - loadIPPluginJar : add genericplugin
2025-10-22 13:51:57,985 [INFO] IPUIPlugin:80 - create IPUIPlugin
2025-10-22 13:51:57,986 [INFO] PluginManager:220 - loadIPPluginJar : add gfxmmu
2025-10-22 13:51:57,990 [INFO] IPUIPlugin:80 - create IPUIPlugin
2025-10-22 13:51:57,990 [INFO] PluginManager:220 - loadIPPluginJar : add gic
2025-10-22 13:51:57,994 [INFO] IPUIPlugin:80 - create IPUIPlugin
2025-10-22 13:51:57,994 [INFO] PluginManager:220 - loadIPPluginJar : add gpio
2025-10-22 13:51:57,998 [INFO] IPUIPlugin:80 - create IPUIPlugin
2025-10-22 13:51:57,998 [INFO] PluginManager:220 - loadIPPluginJar : add gtzc
2025-10-22 13:51:58,000 [INFO] IPUIPlugin:80 - create IPUIPlugin
2025-10-22 13:51:58,000 [INFO] PluginManager:220 - loadIPPluginJar : add hash
2025-10-22 13:51:58,003 [INFO] IPUIPlugin:80 - create IPUIPlugin
2025-10-22 13:51:58,003 [INFO] PluginManager:220 - loadIPPluginJar : add i2c
2025-10-22 13:51:58,006 [INFO] IPUIPlugin:80 - create IPUIPlugin
2025-10-22 13:51:58,006 [INFO] PluginManager:220 - loadIPPluginJar : add i2s
2025-10-22 13:51:58,009 [INFO] IPUIPlugin:80 - create IPUIPlugin
2025-10-22 13:51:58,009 [INFO] PluginManager:220 - loadIPPluginJar : add i3c
2025-10-22 13:51:58,012 [INFO] IPUIPlugin:80 - create IPUIPlugin
2025-10-22 13:51:58,012 [INFO] PluginManager:220 - loadIPPluginJar : add ipddr
2025-10-22 13:51:58,018 [INFO] IPUIPlugin:80 - create IPUIPlugin
2025-10-22 13:51:58,018 [INFO] PluginManager:220 - loadIPPluginJar : add linkedlist
2025-10-22 13:51:58,022 [INFO] IPUIPlugin:80 - create IPUIPlugin
2025-10-22 13:51:58,022 [INFO] PluginManager:220 - loadIPPluginJar : add lorawan
2025-10-22 13:51:58,024 [INFO] IPUIPlugin:80 - create IPUIPlugin
2025-10-22 13:51:58,024 [INFO] PluginManager:220 - loadIPPluginJar : add ltdc
2025-10-22 13:51:58,029 [INFO] IPUIPlugin:80 - create IPUIPlugin
2025-10-22 13:51:58,029 [INFO] PluginManager:220 - loadIPPluginJar : add mdma
2025-10-22 13:51:58,035 [INFO] IPUIPlugin:80 - create IPUIPlugin
2025-10-22 13:51:58,035 [INFO] PluginManager:220 - loadIPPluginJar : add nvic
2025-10-22 13:51:58,038 [INFO] IPUIPlugin:80 - create IPUIPlugin
2025-10-22 13:51:58,038 [INFO] PluginManager:220 - loadIPPluginJar : add opamp
2025-10-22 13:51:58,041 [INFO] IPUIPlugin:80 - create IPUIPlugin
2025-10-22 13:51:58,041 [INFO] PluginManager:220 - loadIPPluginJar : add openamp
2025-10-22 13:51:58,044 [INFO] IPUIPlugin:80 - create IPUIPlugin
2025-10-22 13:51:58,044 [INFO] PluginManager:220 - loadIPPluginJar : add pdm2pcm
2025-10-22 13:51:58,049 [INFO] IPUIPlugin:80 - create IPUIPlugin
2025-10-22 13:51:58,052 [INFO] PluginManager:220 - loadIPPluginJar : add plateformsettings
2025-10-22 13:51:58,054 [INFO] IPUIPlugin:80 - create IPUIPlugin
2025-10-22 13:51:58,054 [INFO] PluginManager:220 - loadIPPluginJar : add quadspi
2025-10-22 13:51:58,055 [INFO] IPUIPlugin:80 - create IPUIPlugin
2025-10-22 13:51:58,056 [INFO] PluginManager:220 - loadIPPluginJar : add radio
2025-10-22 13:51:58,063 [INFO] IPUIPlugin:80 - create IPUIPlugin
2025-10-22 13:51:58,063 [INFO] PluginManager:220 - loadIPPluginJar : add resmgrutility
2025-10-22 13:51:58,067 [INFO] IPUIPlugin:80 - create IPUIPlugin
2025-10-22 13:51:58,067 [INFO] PluginManager:220 - loadIPPluginJar : add sai
2025-10-22 13:51:58,070 [INFO] IPUIPlugin:80 - create IPUIPlugin
2025-10-22 13:51:58,070 [INFO] PluginManager:220 - loadIPPluginJar : add spi
2025-10-22 13:51:58,076 [INFO] IPUIPlugin:80 - create IPUIPlugin
2025-10-22 13:51:58,076 [INFO] PluginManager:220 - loadIPPluginJar : add stm32_wpan
2025-10-22 13:51:58,079 [INFO] IPUIPlugin:80 - create IPUIPlugin
2025-10-22 13:51:58,079 [INFO] PluginManager:220 - loadIPPluginJar : add tim
2025-10-22 13:51:58,085 [INFO] IPUIPlugin:80 - create IPUIPlugin
2025-10-22 13:51:58,085 [INFO] PluginManager:220 - loadIPPluginJar : add touchsensing
2025-10-22 13:51:58,088 [INFO] IPUIPlugin:80 - create IPUIPlugin
2025-10-22 13:51:58,089 [INFO] PluginManager:220 - loadIPPluginJar : add tracer_emb
2025-10-22 13:51:58,092 [INFO] IPUIPlugin:80 - create IPUIPlugin
2025-10-22 13:51:58,092 [INFO] PluginManager:220 - loadIPPluginJar : add ts
2025-10-22 13:51:58,095 [INFO] IPUIPlugin:80 - create IPUIPlugin
2025-10-22 13:51:58,095 [INFO] PluginManager:220 - loadIPPluginJar : add tsc
2025-10-22 13:51:58,098 [INFO] IPUIPlugin:80 - create IPUIPlugin
2025-10-22 13:51:58,098 [INFO] PluginManager:220 - loadIPPluginJar : add ucpd
2025-10-22 13:51:58,101 [INFO] IPUIPlugin:80 - create IPUIPlugin
2025-10-22 13:51:58,101 [INFO] PluginManager:220 - loadIPPluginJar : add usart
2025-10-22 13:51:58,106 [INFO] IPUIPlugin:80 - create IPUIPlugin
2025-10-22 13:51:58,106 [INFO] PluginManager:220 - loadIPPluginJar : add usbx
2025-10-22 13:51:58,234 [FATAL] Updater:351 - Updater called before beeing initialized
2025-10-22 13:51:58,257 [INFO] RulesReader:64 - Compatibility file has been processed (317 Rules)
2025-10-22 13:51:58,265 [INFO] RulesReader:64 - Compatibility file has been processed (317 Rules)
2025-10-22 13:51:58,273 [INFO] CADModel:165 - CPN selected for project level
2025-10-22 13:51:58,273 [INFO] CADModel:114 - Register for checkConnection events
2025-10-22 13:51:58,273 [FATAL] Updater:351 - Updater called before beeing initialized
2025-10-22 13:51:58,273 [ERROR] CADModel:125 - Updater not yet initialized, retry later 
2025-10-22 13:51:58,426 [FATAL] Updater:351 - Updater called before beeing initialized
2025-10-22 13:51:58,429 [INFO] CADModel:165 - CPN selected for project level
2025-10-22 13:51:58,429 [INFO] CADModel:114 - Register for checkConnection events
2025-10-22 13:51:58,429 [FATAL] Updater:351 - Updater called before beeing initialized
2025-10-22 13:51:58,429 [ERROR] CADModel:125 - Updater not yet initialized, retry later 
2025-10-22 13:51:58,433 [FATAL] Updater:351 - Updater called before beeing initialized
2025-10-22 13:51:58,536 [FATAL] Updater:351 - Updater called before beeing initialized
2025-10-22 13:51:58,540 [INFO] DbMcusAds:53 - JSON generation date=Thu Oct 02 11:36:05 CEST 2025 (1759397765645)
2025-10-22 13:51:58,540 [FATAL] Updater:351 - Updater called before beeing initialized
2025-10-22 13:51:58,579 [WARN] DetailPanel:346 - Failed to get advertising image, set to default
2025-10-22 13:51:58,650 [FATAL] Updater:351 - Updater called before beeing initialized
2025-10-22 13:51:58,652 [FATAL] Updater:351 - Updater called before beeing initialized
2025-10-22 13:51:58,652 [FATAL] Updater:351 - Updater called before beeing initialized
2025-10-22 13:51:58,652 [WARN] DetailPanel:346 - Failed to get advertising image, set to default
2025-10-22 13:51:58,653 [FATAL] Updater:351 - Updater called before beeing initialized
2025-10-22 13:51:58,699 [ERROR] Updater:1198 - MainUpdater not yet initialized. External WinMGr cannot be set.
2025-10-22 13:51:58,702 [INFO] Updater:1134 - Updater Version found : 6.15.0
2025-10-22 13:51:58,720 [INFO] ApplicationProperties:184 - Using Application install path: C:\Users\wluzp\STM32CubeIDE_1.19.0\STM32CubeIDE\plugins\com.st.stm32cube.common.mx_6.15.0.202507011659
2025-10-22 13:52:00,293 [ERROR] LogOutputStream:75 - [STDERR_REDIRECT] Oct 22, 2025 1:52:00 PM java.util.prefs.WindowsPreferences <init>
2025-10-22 13:52:00,295 [ERROR] LogOutputStream:75 - [STDERR_REDIRECT] WARNING: Could not open/create prefs root node Software\JavaSoft\Prefs at root 0xffffffff80000002. Windows RegCreateKeyEx(...) returned error code 5.
2025-10-22 13:52:00,295 [ERROR] LogOutputStream:75 - [STDERR_REDIRECT] 
2025-10-22 13:52:00,413 [INFO] ThirdPartyUpdaterWithRetryManager:70 - Updater plugin not ready yet. [2/15]
2025-10-22 13:52:00,801 [INFO] MainUpdater:2872 - connection check result : 10
2025-10-22 13:52:00,802 [INFO] MainUpdater:289 - Updater Check For Update Now.
2025-10-22 13:52:00,802 [INFO] MicroXplorer:498 - Change Database Version : DB.6.0.150
2025-10-22 13:52:00,809 [INFO] McuFinderGlobals:63 - Set McuFinder mode to 2 (CubeIDE integrated)
2025-10-22 13:52:00,810 [INFO] UserAuth:487 - Internet connection configuration mode: 1
2025-10-22 13:52:00,838 [INFO] JxBrowserEngine:152 - Initiate JxBrowser Engine with user profile folder
2025-10-22 13:52:00,999 [INFO] CheckServerUpdateThread:120 - End of CheckServer Thread
2025-10-22 13:52:02,397 [INFO] WebApp:169 - Instantiating new browser for Auth
2025-10-22 13:52:03,267 [INFO] WebApp:463 - Apply proxy settings
2025-10-22 13:52:03,267 [INFO] WebApp:548 - Chromium requires no authentication
2025-10-22 13:52:03,298 [INFO] WebApp:491 - Direct internet connection detected
2025-10-22 13:52:03,357 [INFO] WebApp:900 - Register for checkConnection events
2025-10-22 13:52:03,357 [INFO] WebApp:463 - Apply proxy settings
2025-10-22 13:52:03,357 [INFO] WebApp:548 - Chromium requires no authentication
2025-10-22 13:52:03,357 [INFO] WebApp:491 - Direct internet connection detected
2025-10-22 13:52:03,654 [INFO] WebApp:225 - Starting web application
2025-10-22 13:52:03,654 [INFO] WebApp:593 - Web application path used C:\Users\wluzp\STM32CubeIDE_1.19.0\STM32CubeIDE\plugins\com.st.stm32cube.common.mx_6.15.0.202507011659\db\plugins\mcufinder\reactClient1\index.html
2025-10-22 13:52:03,728 [WARN] PackLoader:240 - Cannot read IP mode file for STMicroelectronics.FP-SNS-MOTENVWB1.1.4.0
2025-10-22 13:52:03,736 [WARN] PackLoader:240 - Cannot read IP mode file for STMicroelectronics.FP-ATR-ASTRA1.2.0.2
2025-10-22 13:52:03,742 [WARN] PackLoader:240 - Cannot read IP mode file for STMicroelectronics.FP-ATR-ASTRA1.2.0.1
2025-10-22 13:52:03,753 [WARN] PackLoader:240 - Cannot read IP mode file for STMicroelectronics.X-CUBE-SMBUS.2.1.0
2025-10-22 13:52:03,767 [WARN] PackLoader:240 - Cannot read IP mode file for STMicroelectronics.X-CUBE-WB05N.1.1.0
2025-10-22 13:52:03,804 [WARN] PackLoader:240 - Cannot read IP mode file for STMicroelectronics.X-CUBE-AZRTOS-F7.1.1.0
2025-10-22 13:52:03,867 [INFO] WebApp:191 - Connection restablished
2025-10-22 13:52:03,905 [INFO] UserAuth:487 - Internet connection configuration mode: 1
2025-10-22 13:52:04,018 [WARN] PackLoader:240 - Cannot read IP mode file for STMicroelectronics.X-CUBE-MEMS1.11.0.0
2025-10-22 13:52:04,251 [WARN] PackLoader:240 - Cannot read IP mode file for STMicroelectronics.FP-SNS-FLIGHT1.5.0.2
2025-10-22 13:52:04,277 [WARN] PackLoader:240 - Cannot read IP mode file for STMicroelectronics.X-CUBE-AZRTOS-H7.3.4.0
2025-10-22 13:52:04,288 [WARN] PackLoader:240 - Cannot read IP mode file for STMicroelectronics.X-CUBE-DISPLAY.3.0.0
2025-10-22 13:52:04,296 [WARN] PackLoader:240 - Cannot read IP mode file for STMicroelectronics.X-CUBE-BLE1.7.0.0
2025-10-22 13:52:04,305 [WARN] PackLoader:240 - Cannot read IP mode file for STMicroelectronics.X-CUBE-NFC10.1.0.0
2025-10-22 13:52:04,325 [WARN] PackLoader:240 - Cannot read IP mode file for STMicroelectronics.X-CUBE-BLEMGR.4.0.0
2025-10-22 13:52:04,334 [WARN] PackLoader:240 - Cannot read IP mode file for STMicroelectronics.X-CUBE-ST60.1.1.0
2025-10-22 13:52:04,342 [WARN] PackLoader:240 - Cannot read IP mode file for emotas.I-CUBE-CANOPEN.1.3.0
2025-10-22 13:52:04,353 [WARN] PackLoader:240 - Cannot read IP mode file for STMicroelectronics.X-CUBE-BLEMGR.3.1.0
2025-10-22 13:52:04,362 [WARN] PackLoader:240 - Cannot read IP mode file for STMicroelectronics.X-CUBE-AI.10.0.0
2025-10-22 13:52:04,371 [WARN] PackLoader:240 - Cannot read IP mode file for STMicroelectronics.FP-SNS-STBOX1.2.1.0
2025-10-22 13:52:04,380 [WARN] PackLoader:240 - Cannot read IP mode file for STMicroelectronics.FP-SNS-SMARTAG2.1.2.0
2025-10-22 13:52:04,386 [WARN] PackLoader:240 - Cannot read IP mode file for STMicroelectronics.FP-SNS-FLIGHT1.5.1.0
2025-10-22 13:52:04,436 [WARN] PackLoader:240 - Cannot read IP mode file for STMicroelectronics.X-CUBE-MEMS1.11.1.0
2025-10-22 13:52:04,531 [INFO] LogOutputStream:77 - [STDOUT_REDIRECT] 1 : Invalid condition id : UX_CORESTACK_Condition cause : null
2025-10-22 13:52:04,532 [INFO] LogOutputStream:77 - [STDOUT_REDIRECT] 1 : Invalid condition id : UX_CORESTACK_Condition cause : null
2025-10-22 13:52:04,533 [INFO] LogOutputStream:77 - [STDOUT_REDIRECT] 1 : Invalid condition id : UX_CORESTACK_Condition cause : null
2025-10-22 13:52:04,534 [INFO] LogOutputStream:77 - [STDOUT_REDIRECT] 1 : Invalid condition id : UX_CORESTACK_Condition cause : null
2025-10-22 13:52:04,536 [INFO] LogOutputStream:77 - [STDOUT_REDIRECT] 1 : Invalid condition id : UX_CORESTACK_Condition cause : null
2025-10-22 13:52:04,539 [WARN] PackLoader:240 - Cannot read IP mode file for STMicroelectronics.X-CUBE-AZRTOS-WL.2.0.0
2025-10-22 13:52:04,546 [WARN] PackLoader:240 - Cannot read IP mode file for STMicroelectronics.FP-SNS-MOTENV1.5.0.0
2025-10-22 13:52:04,551 [WARN] PackLoader:240 - Cannot read IP mode file for wolfSSL.I-CUBE-wolfMQTT.1.19.0
2025-10-22 13:52:04,558 [WARN] PackLoader:240 - Cannot read IP mode file for WES.I-CUBE-Cesium.1.3.0
2025-10-22 13:52:04,563 [WARN] PackLoader:240 - Cannot read IP mode file for STMicroelectronics.X-CUBE-BLE2.3.3.0
2025-10-22 13:52:04,573 [WARN] PackLoader:240 - Cannot read IP mode file for STMicroelectronics.X-CUBE-NFC9.1.0.0
2025-10-22 13:52:04,579 [WARN] PackLoader:240 - Cannot read IP mode file for STMicroelectronics.X-CUBE-BLE1.7.1.0
2025-10-22 13:52:04,586 [WARN] PackLoader:240 - Cannot read IP mode file for STMicroelectronics.X-CUBE-TCPP.4.1.0
2025-10-22 13:52:04,594 [WARN] PackLoader:240 - Cannot read IP mode file for STMicroelectronics.X-CUBE-EEPRMA1.5.2.0
2025-10-22 13:52:04,602 [WARN] PackLoader:240 - Cannot read IP mode file for STMicroelectronics.X-CUBE-ST67W61.1.1.0
2025-10-22 13:52:04,614 [WARN] PackLoader:240 - Cannot read IP mode file for STMicroelectronics.X-CUBE-AZRTOS-G0.1.1.0
2025-10-22 13:52:04,623 [WARN] PackLoader:240 - Cannot read IP mode file for STMicroelectronics.X-CUBE-SAFEA1.1.2.2
2025-10-22 13:52:04,631 [WARN] PackLoader:240 - Cannot read IP mode file for STMicroelectronics.X-CUBE-NFC4.3.0.0
2025-10-22 13:52:04,639 [WARN] PackLoader:240 - Cannot read IP mode file for EmbeddedOffice.I-CUBE-FS-RTOS.1.0.1
2025-10-22 13:52:04,644 [WARN] PackLoader:240 - Cannot read IP mode file for STMicroelectronics.X-CUBE-WB05N.2.0.0
2025-10-22 13:52:04,650 [WARN] PackLoader:240 - Cannot read IP mode file for STMicroelectronics.X-CUBE-TCPP.4.2.0
2025-10-22 13:52:04,659 [WARN] PackLoader:240 - Cannot read IP mode file for RealThread.X-CUBE-RT-Thread_Nano.4.1.1
2025-10-22 13:52:04,666 [WARN] PackLoader:240 - Cannot read IP mode file for STMicroelectronics.FP-ATR-SIGFOX1.3.2.0
2025-10-22 13:52:04,672 [WARN] PackLoader:240 - Cannot read IP mode file for wolfSSL.I-CUBE-wolfSSL.5.7.2
2025-10-22 13:52:04,679 [WARN] ConditionMgr:438 - getConditionDescription Invalid condition id : Cortex-A Device cause : null
2025-10-22 13:52:04,690 [WARN] ConditionMgr:1044 - genDependencies : Invalid condition id : Cortex-A Device cause : null
2025-10-22 13:52:04,690 [WARN] ConditionMgr:1044 - genDependencies : Invalid condition id : Cortex-A Device cause : null
2025-10-22 13:52:04,690 [WARN] ConditionMgr:1044 - genDependencies : Invalid condition id : Cortex-A Device cause : null
2025-10-22 13:52:04,696 [WARN] PackLoader:240 - Cannot read IP mode file for STMicroelectronics.X-CUBE-EEPRMA1.5.1.0
2025-10-22 13:52:04,706 [WARN] PackLoader:240 - Cannot read IP mode file for ITTIA_DB.I-CUBE-ITTIADB.8.9.0
2025-10-22 13:52:04,711 [WARN] PackLoader:240 - Cannot read IP mode file for STMicroelectronics.X-CUBE-AI.10.2.0
2025-10-22 13:52:04,739 [WARN] PackLoader:240 - Cannot read IP mode file for SEGGER.I-CUBE-embOS.1.3.1
2025-10-22 13:52:04,781 [WARN] PackLoader:240 - Cannot read IP mode file for STMicroelectronics.X-CUBE-ALGOBUILD.1.4.0
2025-10-22 13:52:04,917 [WARN] PackLoader:240 - Cannot read IP mode file for STMicroelectronics.X-CUBE-MEMS1.11.3.0
2025-10-22 13:52:05,067 [WARN] PackLoader:240 - Cannot read IP mode file for STMicroelectronics.X-CUBE-AI.9.1.0
2025-10-22 13:52:05,072 [WARN] PackLoader:240 - Cannot read IP mode file for STMicroelectronics.X-CUBE-PM33A1.1.0.0
2025-10-22 13:52:05,087 [WARN] PackLoader:240 - Cannot read IP mode file for STMicroelectronics.X-CUBE-AZRTOS-F4.1.1.0
2025-10-22 13:52:05,093 [WARN] PackLoader:240 - Cannot read IP mode file for STMicroelectronics.X-CUBE-ISPU.2.1.0
2025-10-22 13:52:05,105 [WARN] PackLoader:240 - Cannot read IP mode file for STMicroelectronics.X-CUBE-IPS.3.2.0
2025-10-22 13:52:05,113 [WARN] PackLoader:240 - Cannot read IP mode file for STMicroelectronics.X-CUBE-FREERTOS.1.2.0
2025-10-22 13:52:05,121 [WARN] PackLoader:240 - Cannot read IP mode file for STMicroelectronics.X-CUBE-NFC12.1.0.0
2025-10-22 13:52:05,136 [WARN] PackLoader:240 - Cannot read IP mode file for STMicroelectronics.X-CUBE-AZRTOS-L5.2.0.0
2025-10-22 13:52:05,144 [WARN] PackLoader:240 - Cannot read IP mode file for STMicroelectronics.X-CUBE-NFC6.3.1.0
2025-10-22 13:52:05,152 [WARN] PackLoader:240 - Cannot read IP mode file for STMicroelectronics.X-CUBE-DPower.1.2.0
2025-10-22 13:52:05,162 [WARN] PackLoader:240 - Cannot read IP mode file for STMicroelectronics.X-CUBE-FREERTOS.1.3.1
2025-10-22 13:52:05,166 [WARN] PackLoader:240 - Cannot read IP mode file for STMicroelectronics.X-CUBE-FREERTOS.1.3.0
2025-10-22 13:52:05,171 [WARN] PackLoader:240 - Cannot read IP mode file for STMicroelectronics.X-CUBE-NFC7.1.0.1
2025-10-22 13:52:05,177 [WARN] PackLoader:240 - Cannot read IP mode file for STMicroelectronics.X-CUBE-TOUCHGFX.4.26.0
2025-10-22 13:52:05,181 [WARN] PackLoader:240 - Cannot read IP mode file for STMicroelectronics.FP-SNS-STAIOTCFT.1.0.0
2025-10-22 13:52:05,186 [WARN] PackLoader:240 - Cannot read IP mode file for STMicroelectronics.X-CUBE-DPower.1.3.0
2025-10-22 13:52:05,199 [WARN] ConditionMgr:438 - getConditionDescription Invalid condition id : LAN8742 Phy interface Condition cause : null
2025-10-22 13:52:05,200 [WARN] PackLoader:240 - Cannot read IP mode file for STMicroelectronics.X-CUBE-AZRTOS-L4.2.0.0
2025-10-22 13:52:05,201 [WARN] ConditionMgr:1044 - genDependencies : Invalid condition id : LAN8742 Phy interface Condition cause : null
2025-10-22 13:52:05,201 [WARN] ConditionMgr:1044 - genDependencies : Invalid condition id : LAN8742 Phy interface Condition cause : null
2025-10-22 13:52:05,202 [WARN] ConditionMgr:1044 - genDependencies : Invalid condition id : LAN8742 Phy interface Condition cause : null
2025-10-22 13:52:05,209 [WARN] PackLoader:240 - Cannot read IP mode file for STMicroelectronics.X-CUBE-SFXS2LP1.4.0.0
2025-10-22 13:52:05,224 [WARN] PackLoader:240 - Cannot read IP mode file for STMicroelectronics.X-CUBE-AZRTOS-H7.3.3.0
2025-10-22 13:52:05,236 [WARN] PackLoader:240 - Cannot read IP mode file for STMicroelectronics.X-CUBE-BLEMGR.4.1.0
2025-10-22 13:52:05,249 [WARN] PackLoader:240 - Cannot read IP mode file for STMicroelectronics.X-CUBE-IPS.3.0.0
2025-10-22 13:52:05,263 [WARN] ConditionMgr:438 - getConditionDescription Invalid condition id : UX DEVICE CLASS RTOS Condition cause : null
2025-10-22 13:52:05,263 [WARN] ConditionMgr:438 - getConditionDescription Invalid condition id : UX DEVICE CLASS RTOS Condition cause : null
2025-10-22 13:52:05,265 [WARN] PackLoader:240 - Cannot read IP mode file for STMicroelectronics.X-CUBE-AZRTOS-WB.2.0.0
2025-10-22 13:52:05,266 [WARN] ConditionMgr:1044 - genDependencies : Invalid condition id : UX DEVICE CLASS RTOS Condition cause : null
2025-10-22 13:52:05,266 [WARN] ConditionMgr:1044 - genDependencies : Invalid condition id : UX DEVICE CLASS RTOS Condition cause : null
2025-10-22 13:52:05,267 [WARN] ConditionMgr:1044 - genDependencies : Invalid condition id : UX DEVICE CLASS RTOS Condition cause : null
2025-10-22 13:52:05,267 [WARN] ConditionMgr:1044 - genDependencies : Invalid condition id : UX DEVICE CLASS RTOS Condition cause : null
2025-10-22 13:52:05,267 [WARN] ConditionMgr:1044 - genDependencies : Invalid condition id : UX DEVICE CLASS RTOS Condition cause : null
2025-10-22 13:52:05,274 [WARN] PackLoader:240 - Cannot read IP mode file for STMicroelectronics.X-CUBE-GNSS1.7.0.0
2025-10-22 13:52:05,279 [WARN] PackLoader:240 - Cannot read IP mode file for STMicroelectronics.X-CUBE-GNSS1.7.0.1
2025-10-22 13:52:05,286 [WARN] PackLoader:240 - Cannot read IP mode file for STMicroelectronics.FP-SNS-STBOX1.2.0.0
2025-10-22 13:52:05,297 [WARN] PackLoader:240 - Cannot read IP mode file for STMicroelectronics.X-CUBE-SUBG2.5.0.0
2025-10-22 13:52:05,315 [WARN] PackLoader:240 - Cannot read IP mode file for STMicroelectronics.X-CUBE-AZRTOS-H7RS.1.1.0
2025-10-22 13:52:05,323 [WARN] PackLoader:240 - Cannot read IP mode file for Cesanta.I-CUBE-Mongoose.7.13.0
2025-10-22 13:52:05,333 [WARN] PackLoader:240 - Cannot read IP mode file for STMicroelectronics.X-CUBE-AZRTOS-G4.2.0.0
2025-10-22 13:52:05,339 [WARN] PackLoader:240 - Cannot read IP mode file for STMicroelectronics.X-CUBE-NFC7.2.0.0
2025-10-22 13:52:05,350 [WARN] PackLoader:240 - Cannot read IP mode file for STMicroelectronics.X-CUBE-IPS.3.1.0
2025-10-22 13:52:05,357 [WARN] PackLoader:240 - Cannot read IP mode file for STMicroelectronics.X-CUBE-ALS.1.0.2
2025-10-22 13:52:05,361 [WARN] PackLoader:240 - Cannot read IP mode file for STMicroelectronics.X-CUBE-TOUCHGFX.4.24.2
2025-10-22 13:52:05,364 [WARN] PackLoader:240 - Cannot read IP mode file for STMicroelectronics.X-CUBE-TOUCHGFX.4.24.1
2025-10-22 13:52:05,370 [WARN] PackLoader:240 - Cannot read IP mode file for STMicroelectronics.X-CUBE-STSE01.1.0.0
2025-10-22 13:52:05,375 [WARN] PackLoader:240 - Cannot read IP mode file for wolfSSL.I-CUBE-wolfTPM.3.4.0
2025-10-22 13:52:05,381 [WARN] PackLoader:240 - Cannot read IP mode file for portGmbH.I-Cube-SoM-uGOAL.1.1.0
2025-10-22 13:52:05,392 [WARN] PackLoader:240 - Cannot read IP mode file for STMicroelectronics.X-CUBE-AZRTOS-H7RS.1.0.0
2025-10-22 13:52:05,398 [WARN] PackLoader:240 - Cannot read IP mode file for STMicroelectronics.FP-ATR-ASTRA1.2.0.0
2025-10-22 13:52:05,408 [WARN] PackLoader:240 - Cannot read IP mode file for STMicroelectronics.X-CUBE-TOF1.3.4.2
2025-10-22 13:52:05,421 [WARN] PackLoader:240 - Cannot read IP mode file for STMicroelectronics.X-CUBE-TOF1.3.4.3
2025-10-22 13:52:05,446 [WARN] PackLoader:240 - Cannot read IP mode file for Infineon.AIROC-Wi-Fi-Bluetooth-STM32.1.6.1
2025-10-22 13:52:05,454 [WARN] PackLoader:240 - Cannot read IP mode file for wolfSSL.I-CUBE-wolfSSH.1.4.17
2025-10-22 13:52:05,455 [INFO] ThirdParty:978 - Integrity check success = true
2025-10-22 13:52:05,455 [INFO] IntegrityCheckThread:100 - exiting critical section [integrity check]
2025-10-22 13:52:05,455 [INFO] IntegrityCheckThread:103 - End integrity checks thread
2025-10-22 13:58:16,816 [ERROR] AdobePublisher:162 - Exception while opening the connection: java.net.UnknownHostException: stmicroelectronics.d3.sc.omtrdc.net
2025-10-22 13:58:16,817 [ERROR] AdobePublisher:162 - Exception while opening the connection: java.net.UnknownHostException: stmicroelectronics.d3.sc.omtrdc.net
2025-10-22 13:58:16,817 [ERROR] AdobePublisher:162 - Exception while opening the connection: java.net.UnknownHostException: stmicroelectronics.d3.sc.omtrdc.net
2025-10-22 13:58:16,818 [ERROR] AdobePublisher:162 - Exception while opening the connection: java.net.UnknownHostException: stmicroelectronics.d3.sc.omtrdc.net
2025-10-22 13:58:16,818 [ERROR] AdobePublisher:162 - Exception while opening the connection: java.net.UnknownHostException: stmicroelectronics.d3.sc.omtrdc.net
2025-10-22 13:58:17,431 [ERROR] AdobePublisher:162 - Exception while opening the connection: java.net.UnknownHostException: stmicroelectronics.d3.sc.omtrdc.net
2025-10-22 13:58:17,431 [ERROR] AdobePublisher:162 - Exception while opening the connection: java.net.UnknownHostException: stmicroelectronics.d3.sc.omtrdc.net
2025-10-22 13:58:17,432 [ERROR] AdobePublisher:162 - Exception while opening the connection: java.net.UnknownHostException: stmicroelectronics.d3.sc.omtrdc.net
2025-10-22 13:58:17,432 [ERROR] AdobePublisher:162 - Exception while opening the connection: java.net.UnknownHostException: stmicroelectronics.d3.sc.omtrdc.net
2025-10-22 13:58:17,432 [ERROR] AdobePublisher:162 - Exception while opening the connection: java.net.UnknownHostException: stmicroelectronics.d3.sc.omtrdc.net
2025-10-22 14:03:42,485 [ERROR] AdobePublisher:162 - Exception while opening the connection: java.net.UnknownHostException: stmicroelectronics.d3.sc.omtrdc.net
2025-10-22 14:03:42,486 [ERROR] AdobePublisher:162 - Exception while opening the connection: java.net.UnknownHostException: stmicroelectronics.d3.sc.omtrdc.net
2025-10-22 14:03:42,486 [ERROR] AdobePublisher:162 - Exception while opening the connection: java.net.UnknownHostException: stmicroelectronics.d3.sc.omtrdc.net
2025-10-22 14:03:42,486 [ERROR] AdobePublisher:162 - Exception while opening the connection: java.net.UnknownHostException: stmicroelectronics.d3.sc.omtrdc.net
2025-10-22 14:03:42,487 [ERROR] AdobePublisher:162 - Exception while opening the connection: java.net.UnknownHostException: stmicroelectronics.d3.sc.omtrdc.net
2025-10-22 14:03:43,183 [ERROR] AdobePublisher:162 - Exception while opening the connection: java.net.UnknownHostException: stmicroelectronics.d3.sc.omtrdc.net
2025-10-22 14:03:43,184 [ERROR] AdobePublisher:162 - Exception while opening the connection: java.net.UnknownHostException: stmicroelectronics.d3.sc.omtrdc.net
2025-10-22 14:03:43,184 [ERROR] AdobePublisher:162 - Exception while opening the connection: java.net.UnknownHostException: stmicroelectronics.d3.sc.omtrdc.net
2025-10-22 14:03:43,184 [ERROR] AdobePublisher:162 - Exception while opening the connection: java.net.UnknownHostException: stmicroelectronics.d3.sc.omtrdc.net
2025-10-22 14:03:43,184 [ERROR] AdobePublisher:162 - Exception while opening the connection: java.net.UnknownHostException: stmicroelectronics.d3.sc.omtrdc.net
2025-10-22 14:05:53,345 [ERROR] AdobePublisher:162 - Exception while opening the connection: java.net.UnknownHostException: stmicroelectronics.d3.sc.omtrdc.net
2025-10-22 14:05:53,346 [ERROR] AdobePublisher:162 - Exception while opening the connection: java.net.UnknownHostException: stmicroelectronics.d3.sc.omtrdc.net
2025-10-22 14:05:53,346 [ERROR] AdobePublisher:162 - Exception while opening the connection: java.net.UnknownHostException: stmicroelectronics.d3.sc.omtrdc.net
2025-10-22 14:05:53,346 [ERROR] AdobePublisher:162 - Exception while opening the connection: java.net.UnknownHostException: stmicroelectronics.d3.sc.omtrdc.net
2025-10-22 14:05:53,346 [ERROR] AdobePublisher:162 - Exception while opening the connection: java.net.UnknownHostException: stmicroelectronics.d3.sc.omtrdc.net
2025-10-22 14:05:54,048 [ERROR] AdobePublisher:162 - Exception while opening the connection: java.net.UnknownHostException: stmicroelectronics.d3.sc.omtrdc.net
2025-10-22 14:05:54,048 [ERROR] AdobePublisher:162 - Exception while opening the connection: java.net.UnknownHostException: stmicroelectronics.d3.sc.omtrdc.net
2025-10-22 14:05:54,049 [ERROR] AdobePublisher:162 - Exception while opening the connection: java.net.UnknownHostException: stmicroelectronics.d3.sc.omtrdc.net
2025-10-22 14:05:54,049 [ERROR] AdobePublisher:162 - Exception while opening the connection: java.net.UnknownHostException: stmicroelectronics.d3.sc.omtrdc.net
2025-10-22 14:05:54,049 [ERROR] AdobePublisher:162 - Exception while opening the connection: java.net.UnknownHostException: stmicroelectronics.d3.sc.omtrdc.net
2025-10-22 14:10:54,596 [ERROR] AdobePublisher:162 - Exception while opening the connection: java.net.UnknownHostException: stmicroelectronics.d3.sc.omtrdc.net
2025-10-22 14:10:54,597 [ERROR] AdobePublisher:162 - Exception while opening the connection: java.net.UnknownHostException: stmicroelectronics.d3.sc.omtrdc.net
2025-10-22 14:10:54,598 [ERROR] AdobePublisher:162 - Exception while opening the connection: java.net.UnknownHostException: stmicroelectronics.d3.sc.omtrdc.net
2025-10-22 14:10:54,598 [ERROR] AdobePublisher:162 - Exception while opening the connection: java.net.UnknownHostException: stmicroelectronics.d3.sc.omtrdc.net
2025-10-22 14:10:54,598 [ERROR] AdobePublisher:162 - Exception while opening the connection: java.net.UnknownHostException: stmicroelectronics.d3.sc.omtrdc.net
2025-10-22 14:10:55,333 [ERROR] AdobePublisher:162 - Exception while opening the connection: java.net.UnknownHostException: stmicroelectronics.d3.sc.omtrdc.net
2025-10-22 14:10:55,334 [ERROR] AdobePublisher:162 - Exception while opening the connection: java.net.UnknownHostException: stmicroelectronics.d3.sc.omtrdc.net
2025-10-22 14:10:55,334 [ERROR] AdobePublisher:162 - Exception while opening the connection: java.net.UnknownHostException: stmicroelectronics.d3.sc.omtrdc.net
2025-10-22 14:10:55,334 [ERROR] AdobePublisher:162 - Exception while opening the connection: java.net.UnknownHostException: stmicroelectronics.d3.sc.omtrdc.net
2025-10-22 14:10:55,334 [ERROR] AdobePublisher:162 - Exception while opening the connection: java.net.UnknownHostException: stmicroelectronics.d3.sc.omtrdc.net
2025-10-22 14:12:36,910 [ERROR] AdobePublisher:162 - Exception while opening the connection: java.net.UnknownHostException: stmicroelectronics.d3.sc.omtrdc.net
2025-10-22 14:12:36,910 [ERROR] AdobePublisher:162 - Exception while opening the connection: java.net.UnknownHostException: stmicroelectronics.d3.sc.omtrdc.net
2025-10-22 14:12:36,910 [ERROR] AdobePublisher:162 - Exception while opening the connection: java.net.UnknownHostException: stmicroelectronics.d3.sc.omtrdc.net
2025-10-22 14:12:36,911 [ERROR] AdobePublisher:162 - Exception while opening the connection: java.net.UnknownHostException: stmicroelectronics.d3.sc.omtrdc.net
2025-10-22 14:12:36,911 [ERROR] AdobePublisher:162 - Exception while opening the connection: java.net.UnknownHostException: stmicroelectronics.d3.sc.omtrdc.net
2025-10-22 14:12:37,616 [ERROR] AdobePublisher:162 - Exception while opening the connection: java.net.UnknownHostException: stmicroelectronics.d3.sc.omtrdc.net
2025-10-22 14:12:37,616 [ERROR] AdobePublisher:162 - Exception while opening the connection: java.net.UnknownHostException: stmicroelectronics.d3.sc.omtrdc.net
2025-10-22 14:12:37,616 [ERROR] AdobePublisher:162 - Exception while opening the connection: java.net.UnknownHostException: stmicroelectronics.d3.sc.omtrdc.net
2025-10-22 14:12:37,617 [ERROR] AdobePublisher:162 - Exception while opening the connection: java.net.UnknownHostException: stmicroelectronics.d3.sc.omtrdc.net
2025-10-22 14:12:37,617 [ERROR] AdobePublisher:162 - Exception while opening the connection: java.net.UnknownHostException: stmicroelectronics.d3.sc.omtrdc.net
2025-10-22 14:13:56,664 [ERROR] AdobePublisher:162 - Exception while opening the connection: java.net.UnknownHostException: stmicroelectronics.d3.sc.omtrdc.net
2025-10-22 14:13:56,665 [ERROR] AdobePublisher:162 - Exception while opening the connection: java.net.UnknownHostException: stmicroelectronics.d3.sc.omtrdc.net
2025-10-22 14:13:56,665 [ERROR] AdobePublisher:162 - Exception while opening the connection: java.net.UnknownHostException: stmicroelectronics.d3.sc.omtrdc.net
2025-10-22 14:13:56,665 [ERROR] AdobePublisher:162 - Exception while opening the connection: java.net.UnknownHostException: stmicroelectronics.d3.sc.omtrdc.net
2025-10-22 14:13:56,666 [ERROR] AdobePublisher:162 - Exception while opening the connection: java.net.UnknownHostException: stmicroelectronics.d3.sc.omtrdc.net
2025-10-22 14:13:57,379 [ERROR] AdobePublisher:162 - Exception while opening the connection: java.net.UnknownHostException: stmicroelectronics.d3.sc.omtrdc.net
2025-10-22 14:13:57,380 [ERROR] AdobePublisher:162 - Exception while opening the connection: java.net.UnknownHostException: stmicroelectronics.d3.sc.omtrdc.net
2025-10-22 14:13:57,381 [ERROR] AdobePublisher:162 - Exception while opening the connection: java.net.UnknownHostException: stmicroelectronics.d3.sc.omtrdc.net
2025-10-22 14:13:57,381 [ERROR] AdobePublisher:162 - Exception while opening the connection: java.net.UnknownHostException: stmicroelectronics.d3.sc.omtrdc.net
2025-10-22 14:13:57,381 [ERROR] AdobePublisher:162 - Exception while opening the connection: java.net.UnknownHostException: stmicroelectronics.d3.sc.omtrdc.net
2025-10-22 14:14:25,034 [ERROR] AdobePublisher:162 - Exception while opening the connection: java.net.UnknownHostException: stmicroelectronics.d3.sc.omtrdc.net
2025-10-22 14:14:25,034 [ERROR] AdobePublisher:162 - Exception while opening the connection: java.net.UnknownHostException: stmicroelectronics.d3.sc.omtrdc.net
2025-10-22 14:14:25,034 [ERROR] AdobePublisher:162 - Exception while opening the connection: java.net.UnknownHostException: stmicroelectronics.d3.sc.omtrdc.net
2025-10-22 14:14:25,035 [ERROR] AdobePublisher:162 - Exception while opening the connection: java.net.UnknownHostException: stmicroelectronics.d3.sc.omtrdc.net
2025-10-22 14:14:25,035 [ERROR] AdobePublisher:162 - Exception while opening the connection: java.net.UnknownHostException: stmicroelectronics.d3.sc.omtrdc.net
2025-10-22 14:14:25,642 [ERROR] AdobePublisher:162 - Exception while opening the connection: java.net.UnknownHostException: stmicroelectronics.d3.sc.omtrdc.net
2025-10-22 14:14:25,643 [ERROR] AdobePublisher:162 - Exception while opening the connection: java.net.UnknownHostException: stmicroelectronics.d3.sc.omtrdc.net
2025-10-22 14:14:25,643 [ERROR] AdobePublisher:162 - Exception while opening the connection: java.net.UnknownHostException: stmicroelectronics.d3.sc.omtrdc.net
2025-10-22 14:14:25,644 [ERROR] AdobePublisher:162 - Exception while opening the connection: java.net.UnknownHostException: stmicroelectronics.d3.sc.omtrdc.net
2025-10-22 14:14:25,644 [ERROR] AdobePublisher:162 - Exception while opening the connection: java.net.UnknownHostException: stmicroelectronics.d3.sc.omtrdc.net
2025-10-22 14:14:55,867 [ERROR] AdobePublisher:162 - Exception while opening the connection: java.net.UnknownHostException: stmicroelectronics.d3.sc.omtrdc.net
2025-10-22 14:14:55,868 [ERROR] AdobePublisher:162 - Exception while opening the connection: java.net.UnknownHostException: stmicroelectronics.d3.sc.omtrdc.net
2025-10-22 14:14:55,868 [ERROR] AdobePublisher:162 - Exception while opening the connection: java.net.UnknownHostException: stmicroelectronics.d3.sc.omtrdc.net
2025-10-22 14:14:55,868 [ERROR] AdobePublisher:162 - Exception while opening the connection: java.net.UnknownHostException: stmicroelectronics.d3.sc.omtrdc.net
2025-10-22 14:14:55,869 [ERROR] AdobePublisher:162 - Exception while opening the connection: java.net.UnknownHostException: stmicroelectronics.d3.sc.omtrdc.net
2025-10-22 14:14:56,837 [ERROR] LogOutputStream:75 - [STDERR_REDIRECT] 
2025-10-22 14:14:56,838 [ERROR] LogOutputStream:75 - [STDERR_REDIRECT] 
